[2019-06-14 09:58:55][default]true onWorkerStart:14
[2019-06-14 09:58:55][default]true onWorkerStart:15
[2019-06-14 09:58:55][default]true onWorkerStart:10
[2019-06-14 09:58:55][default]true onWorkerStart:11
[2019-06-14 09:58:55][default]true onWorkerStart:12
[2019-06-14 09:58:55][default]false onWorkerStart:0
[2019-06-14 09:58:55][default]true onWorkerStart:13
[2019-06-14 09:58:55][default]true onWorkerStart:9
[2019-06-14 09:58:55][default]false onWorkerStart:1
[2019-06-14 09:58:55][default]false onWorkerStart:2
[2019-06-14 09:58:55][default]false onWorkerStart:3
[2019-06-14 09:58:55][default]false onWorkerStart:4
[2019-06-14 09:58:55][default]false onWorkerStart:5
[2019-06-14 09:58:55][default]false onWorkerStart:6
[2019-06-14 09:58:55][default]false onWorkerStart:7
[2019-06-14 09:58:55][default]true onWorkerStart:8
[2019-06-14 09:59:27][default]true onWorkerStart:9
[2019-06-14 09:59:27][default]true onWorkerStart:10
[2019-06-14 09:59:27][default]true onWorkerStart:11
[2019-06-14 09:59:27][default]true onWorkerStart:12
[2019-06-14 09:59:27][default]true onWorkerStart:13
[2019-06-14 09:59:27][default]true onWorkerStart:14
[2019-06-14 09:59:27][default]true onWorkerStart:15
[2019-06-14 09:59:27][default]false onWorkerStart:0
[2019-06-14 09:59:27][default]false onWorkerStart:1
[2019-06-14 09:59:27][default]false onWorkerStart:2
[2019-06-14 09:59:27][default]false onWorkerStart:3
[2019-06-14 09:59:27][default]false onWorkerStart:4
[2019-06-14 09:59:27][default]false onWorkerStart:5
[2019-06-14 09:59:27][default]false onWorkerStart:6
[2019-06-14 09:59:27][default]true onWorkerStart:8
[2019-06-14 09:59:27][default]false onWorkerStart:7
[2019-06-14 09:59:57][default]false onWorkerStart:4
[2019-06-14 09:59:57][default]false onWorkerStart:5
[2019-06-14 09:59:57][default]false onWorkerStart:1
[2019-06-14 09:59:57][default]false onWorkerStart:2
[2019-06-14 09:59:57][default]false onWorkerStart:3
[2019-06-14 09:59:57][default]false onWorkerStart:6
[2019-06-14 09:59:57][default]false onWorkerStart:7
[2019-06-14 09:59:57][default]false onWorkerStart:0
[2019-06-14 10:00:27][default]false onWorkerStart:4
[2019-06-14 10:00:27][default]false onWorkerStart:5
[2019-06-14 10:00:27][default]false onWorkerStart:2
[2019-06-14 10:00:27][default]false onWorkerStart:3
[2019-06-14 10:00:27][default]false onWorkerStart:1
[2019-06-14 10:00:27][default]false onWorkerStart:0
[2019-06-14 10:00:27][default]false onWorkerStart:6
[2019-06-14 10:00:27][default]false onWorkerStart:7
[2019-06-14 10:00:57][default]false onWorkerStart:4
[2019-06-14 10:00:57][default]false onWorkerStart:2
[2019-06-14 10:00:57][default]false onWorkerStart:3
[2019-06-14 10:00:57][default]false onWorkerStart:5
[2019-06-14 10:00:57][default]false onWorkerStart:1
[2019-06-14 10:00:57][default]false onWorkerStart:6
[2019-06-14 10:00:57][default]false onWorkerStart:0
[2019-06-14 10:00:57][default]false onWorkerStart:7
[2019-06-14 10:01:27][default]false onWorkerStart:4
[2019-06-14 10:01:27][default]false onWorkerStart:5
[2019-06-14 10:01:27][default]false onWorkerStart:2
[2019-06-14 10:01:27][default]false onWorkerStart:3
[2019-06-14 10:01:27][default]false onWorkerStart:1
[2019-06-14 10:01:27][default]false onWorkerStart:6
[2019-06-14 10:01:27][default]false onWorkerStart:7
[2019-06-14 10:01:27][default]false onWorkerStart:0
[2019-06-14 10:01:57][default]false onWorkerStart:4
[2019-06-14 10:01:57][default]false onWorkerStart:5
[2019-06-14 10:01:57][default]false onWorkerStart:2
[2019-06-14 10:01:57][default]false onWorkerStart:3
[2019-06-14 10:01:57][default]false onWorkerStart:1
[2019-06-14 10:01:57][default]false onWorkerStart:6
[2019-06-14 10:01:57][default]false onWorkerStart:7
[2019-06-14 10:01:57][default]false onWorkerStart:0
[2019-06-14 10:02:27][default]false onWorkerStart:4
[2019-06-14 10:02:27][default]false onWorkerStart:5
[2019-06-14 10:02:27][default]false onWorkerStart:2
[2019-06-14 10:02:27][default]false onWorkerStart:3
[2019-06-14 10:02:27][default]false onWorkerStart:1
[2019-06-14 10:02:27][default]false onWorkerStart:6
[2019-06-14 10:02:27][default]false onWorkerStart:7
[2019-06-14 10:02:27][default]false onWorkerStart:0
[2019-06-14 10:02:57][default]false onWorkerStart:4
[2019-06-14 10:02:57][default]false onWorkerStart:5
[2019-06-14 10:02:57][default]false onWorkerStart:2
[2019-06-14 10:02:57][default]false onWorkerStart:3
[2019-06-14 10:02:57][default]false onWorkerStart:1
[2019-06-14 10:02:57][default]false onWorkerStart:6
[2019-06-14 10:02:57][default]false onWorkerStart:0
[2019-06-14 10:02:57][default]false onWorkerStart:7
[2019-06-14 10:03:27][default]false onWorkerStart:4
[2019-06-14 10:03:27][default]false onWorkerStart:5
[2019-06-14 10:03:27][default]false onWorkerStart:2
[2019-06-14 10:03:27][default]false onWorkerStart:3
[2019-06-14 10:03:27][default]false onWorkerStart:1
[2019-06-14 10:03:27][default]false onWorkerStart:7
[2019-06-14 10:03:27][default]false onWorkerStart:6
[2019-06-14 10:03:27][default]false onWorkerStart:0
[2019-06-14 10:03:57][default]false onWorkerStart:4
[2019-06-14 10:03:57][default]false onWorkerStart:5
[2019-06-14 10:03:57][default]false onWorkerStart:3
[2019-06-14 10:03:57][default]false onWorkerStart:2
[2019-06-14 10:03:57][default]false onWorkerStart:1
[2019-06-14 10:03:57][default]false onWorkerStart:7
[2019-06-14 10:03:57][default]false onWorkerStart:0
[2019-06-14 10:03:57][default]false onWorkerStart:6
[2019-06-14 10:04:27][default]false onWorkerStart:4
[2019-06-14 10:04:27][default]false onWorkerStart:5
[2019-06-14 10:04:27][default]false onWorkerStart:2
[2019-06-14 10:04:27][default]false onWorkerStart:3
[2019-06-14 10:04:27][default]false onWorkerStart:1
[2019-06-14 10:04:27][default]false onWorkerStart:6
[2019-06-14 10:04:27][default]false onWorkerStart:7
[2019-06-14 10:04:27][default]false onWorkerStart:0
[2019-06-14 10:04:57][default]false onWorkerStart:4
[2019-06-14 10:04:57][default]false onWorkerStart:5
[2019-06-14 10:04:57][default]false onWorkerStart:3
[2019-06-14 10:04:57][default]false onWorkerStart:2
[2019-06-14 10:04:57][default]false onWorkerStart:1
[2019-06-14 10:04:57][default]false onWorkerStart:7
[2019-06-14 10:04:57][default]false onWorkerStart:0
[2019-06-14 10:04:57][default]false onWorkerStart:6
[2019-06-14 10:05:27][default]false onWorkerStart:4
[2019-06-14 10:05:27][default]false onWorkerStart:5
[2019-06-14 10:05:27][default]false onWorkerStart:3
[2019-06-14 10:05:27][default]false onWorkerStart:2
[2019-06-14 10:05:27][default]false onWorkerStart:1
[2019-06-14 10:05:27][default]false onWorkerStart:6
[2019-06-14 10:05:27][default]false onWorkerStart:0
[2019-06-14 10:05:27][default]false onWorkerStart:7
[2019-06-14 10:05:57][default]false onWorkerStart:4
[2019-06-14 10:05:57][default]false onWorkerStart:5
[2019-06-14 10:05:57][default]false onWorkerStart:2
[2019-06-14 10:05:57][default]false onWorkerStart:3
[2019-06-14 10:05:57][default]false onWorkerStart:1
[2019-06-14 10:05:57][default]false onWorkerStart:6
[2019-06-14 10:05:57][default]false onWorkerStart:7
[2019-06-14 10:05:57][default]false onWorkerStart:0
[2019-06-14 10:06:27][default]false onWorkerStart:4
[2019-06-14 10:06:27][default]false onWorkerStart:5
[2019-06-14 10:06:27][default]false onWorkerStart:3
[2019-06-14 10:06:27][default]false onWorkerStart:2
[2019-06-14 10:06:27][default]false onWorkerStart:1
[2019-06-14 10:06:27][default]false onWorkerStart:6
[2019-06-14 10:06:27][default]false onWorkerStart:7
[2019-06-14 10:06:27][default]false onWorkerStart:0
[2019-06-14 10:06:57][default]false onWorkerStart:4
[2019-06-14 10:06:57][default]false onWorkerStart:5
[2019-06-14 10:06:57][default]false onWorkerStart:2
[2019-06-14 10:06:57][default]false onWorkerStart:3
[2019-06-14 10:06:57][default]false onWorkerStart:1
[2019-06-14 10:06:58][default]false onWorkerStart:6
[2019-06-14 10:06:58][default]false onWorkerStart:7
[2019-06-14 10:06:58][default]false onWorkerStart:0
[2019-06-14 10:07:27][default]false onWorkerStart:4
[2019-06-14 10:07:27][default]false onWorkerStart:5
[2019-06-14 10:07:27][default]false onWorkerStart:2
[2019-06-14 10:07:27][default]false onWorkerStart:3
[2019-06-14 10:07:27][default]false onWorkerStart:1
[2019-06-14 10:07:28][default]false onWorkerStart:7
[2019-06-14 10:07:28][default]false onWorkerStart:0
[2019-06-14 10:07:28][default]false onWorkerStart:6
[2019-06-14 10:07:57][default]false onWorkerStart:5
[2019-06-14 10:07:57][default]false onWorkerStart:4
[2019-06-14 10:07:57][default]false onWorkerStart:3
[2019-06-14 10:07:57][default]false onWorkerStart:2
[2019-06-14 10:07:58][default]false onWorkerStart:1
[2019-06-14 10:07:58][default]false onWorkerStart:6
[2019-06-14 10:07:58][default]false onWorkerStart:7
[2019-06-14 10:07:58][default]false onWorkerStart:0
[2019-06-14 10:08:27][default]false onWorkerStart:5
[2019-06-14 10:08:27][default]false onWorkerStart:4
[2019-06-14 10:08:28][default]false onWorkerStart:3
[2019-06-14 10:08:28][default]false onWorkerStart:2
[2019-06-14 10:08:28][default]false onWorkerStart:1
[2019-06-14 10:08:28][default]false onWorkerStart:6
[2019-06-14 10:08:28][default]false onWorkerStart:0
[2019-06-14 10:08:28][default]false onWorkerStart:7
[2019-06-14 10:08:58][default]false onWorkerStart:5
[2019-06-14 10:08:58][default]false onWorkerStart:4
[2019-06-14 10:08:58][default]false onWorkerStart:3
[2019-06-14 10:08:58][default]false onWorkerStart:2
[2019-06-14 10:08:58][default]false onWorkerStart:1
[2019-06-14 10:08:58][default]false onWorkerStart:0
[2019-06-14 10:08:58][default]false onWorkerStart:7
[2019-06-14 10:08:58][default]false onWorkerStart:6
[2019-06-14 10:09:34][default]afterRequest string getBody/var/www/code
[2019-06-14 10:09:34][default]afterRequest string getBodyaction not found
[2019-06-14 10:09:53][default]afterRequest string getBodythis is testthis is test2
[2019-06-14 10:10:07][default]afterRequest string getBody
[2019-06-14 10:10:37][default]afterRequest string getBodythis is test2
[2019-06-14 10:10:42][default]afterRequest string getBodysay hello world
[2019-06-14 10:16:39][default]afterRequest string getBody/tmp
[2019-06-14 10:19:03][default]afterRequest string getBody/tmp
[2019-06-14 10:19:04][default]afterRequest string getBody/tmp
[2019-06-14 10:19:05][default]afterRequest string getBody/tmp
[2019-06-14 10:19:05][default]afterRequest string getBody/tmp
[2019-06-14 10:19:10][default]afterRequest string getBody/tmp
[2019-06-14 10:19:11][default]afterRequest string getBody/tmp
[2019-06-14 10:19:11][default]afterRequest string getBody/tmp
[2019-06-14 10:19:12][default]afterRequest string getBody/tmp
[2019-06-14 10:19:12][default]afterRequest string getBody/tmp
[2019-06-14 10:19:12][default]afterRequest string getBody/tmp
[2019-06-14 10:19:13][default]afterRequest string getBody/tmp
[2019-06-14 10:32:56][default]afterRequest string getBody/var/www/code
[2019-06-14 10:33:03][default]afterRequest string getBody
[2019-06-14 10:33:29][default]afterRequest string getBody123/tmp
