[2019-05-14 23:31:37][default]afterRequest string getBody/var/www/code
[2019-05-14 23:31:38][default]afterRequest string getBodyaction not found
[2019-05-14 23:31:48][default]afterRequest string getBody执行异步任务成功
[2019-05-14 23:32:01][default]afterRequest string getBody{"total":0,"list":[]}
[2019-05-14 23:32:20][default]afterRequest string getBody新增成功
[2019-05-14 23:32:32][default]afterRequest string getBody新增成功
[2019-05-14 23:36:44][default]true onWorkerStart:9
[2019-05-14 23:36:44][default]true onWorkerStart:10
[2019-05-14 23:36:44][default]true onWorkerStart:11
[2019-05-14 23:36:44][default]true onWorkerStart:12
[2019-05-14 23:36:44][default]true onWorkerStart:13
[2019-05-14 23:36:44][default]true onWorkerStart:14
[2019-05-14 23:36:44][default]true onWorkerStart:15
[2019-05-14 23:36:44][default]false onWorkerStart:0
[2019-05-14 23:36:44][default]false onWorkerStart:1
[2019-05-14 23:36:44][default]false onWorkerStart:2
[2019-05-14 23:36:44][default]false onWorkerStart:3
[2019-05-14 23:36:44][default]false onWorkerStart:4
[2019-05-14 23:36:44][default]false onWorkerStart:5
[2019-05-14 23:36:44][default]true onWorkerStart:8
[2019-05-14 23:36:44][default]false onWorkerStart:6
[2019-05-14 23:36:44][default]false onWorkerStart:7
[2019-05-14 23:37:02][default]afterRequest string getBody新增成功
[2019-05-14 23:37:15][default]afterRequest string getBody新增成功
